TN:
SF:/Users/csxiaoyao/Workspace/github/JavaScriptStudy/13-自动化测试&mock数据/jest-vue/src/containers/TodoList/TodoList.vue
FN:48,(anonymous_1)
FN:66,(anonymous_2)
FNF:2
FNH:2
FNDA:3,(anonymous_1)
FNDA:3,(anonymous_2)
DA:15,1
DA:16,1
DA:24,7
DA:38,2
DA:44,0
DA:47,1
DA:48,1
DA:49,3
DA:50,1
DA:55,2
DA:61,1
DA:64,1
DA:65,1
DA:66,1
DA:67,3
DA:72,1
DA:75,1
LF:17
LH:16
BRDA:49,0,0,1
BRDA:49,0,1,2
BRF:2
BRH:2
end_of_record
TN:
SF:/Users/csxiaoyao/Workspace/github/JavaScriptStudy/13-自动化测试&mock数据/jest-vue/src/containers/TodoList/components/Header.vue
FNF:0
FNH:0
DA:21,7
DA:27,3
DA:28,2
DA:29,2
LF:4
LH:4
BRDA:27,0,0,2
BRDA:27,0,1,1
BRF:2
BRH:2
end_of_record
TN:
SF:/Users/csxiaoyao/Workspace/github/JavaScriptStudy/13-自动化测试&mock数据/jest-vue/src/containers/TodoList/components/UndoList.vue
FNF:0
FNH:0
DA:34,7
DA:40,1
DA:43,1
DA:46,1
DA:55,1
LF:5
LH:5
BRF:0
BRH:0
end_of_record
TN:
SF:/Users/csxiaoyao/Workspace/github/JavaScriptStudy/13-自动化测试&mock数据/jest-vue/src/utils/testUtils.js
FN:1,(anonymous_0)
FNF:1
FNH:1
FNDA:16,(anonymous_0)
DA:1,2
DA:2,16
LF:2
LH:2
BRF:0
BRH:0
end_of_record
