{"/Users/csxiaoyao/Workspace/github/JavaScriptStudy/13-自动化测试&mock数据/jest-vue/src/containers/TodoList/TodoList.vue": {"path":"/Users/csxiaoyao/Workspace/github/JavaScriptStudy/13-自动化测试&mock数据/jest-vue/src/containers/TodoList/TodoList.vue","statementMap":{"0":{"start":{"line":15,"column":0},"end":{"line":null,"column":-1}},"1":{"start":{"line":16,"column":0},"end":{"line":null,"column":-1}},"2":{"start":{"line":24,"column":0},"end":{"line":null,"column":-1}},"3":{"start":{"line":38,"column":0},"end":{"line":null,"column":-1}},"4":{"start":{"line":44,"column":0},"end":{"line":null,"column":-1}},"5":{"start":{"line":47,"column":0},"end":{"line":null,"column":-1}},"6":{"start":{"line":48,"column":0},"end":{"line":60,"column":0}},"7":{"start":{"line":49,"column":0},"end":{"line":59,"column":0}},"8":{"start":{"line":50,"column":0},"end":{"line":null,"column":-1}},"9":{"start":{"line":55,"column":0},"end":{"line":null,"column":-1}},"10":{"start":{"line":61,"column":0},"end":{"line":null,"column":-1}},"11":{"start":{"line":64,"column":0},"end":{"line":null,"column":-1}},"12":{"start":{"line":65,"column":0},"end":{"line":null,"column":-1}},"13":{"start":{"line":66,"column":0},"end":{"line":71,"column":0}},"14":{"start":{"line":67,"column":0},"end":{"line":null,"column":-1}},"15":{"start":{"line":72,"column":0},"end":{"line":null,"column":-1}},"16":{"start":{"line":75,"column":0},"end":{"line":null,"column":-1}}},"fnMap":{"0":{"name":"(anonymous_1)","decl":{"start":{"line":48,"column":0},"end":{"line":null,"column":-1}},"loc":{"start":{"line":48,"column":0},"end":{"line":60,"column":0}}},"1":{"name":"(anonymous_2)","decl":{"start":{"line":66,"column":0},"end":{"line":null,"column":-1}},"loc":{"start":{"line":66,"column":0},"end":{"line":71,"column":0}}}},"branchMap":{"0":{"loc":{"start":{"line":49,"column":0},"end":{"line":59,"column":0}},"type":"if","locations":[{"start":{"line":49,"column":0},"end":{"line":59,"column":0}},{"start":{"line":49,"column":0},"end":{"line":59,"column":0}}]}},"s":{"0":1,"1":1,"2":7,"3":2,"4":0,"5":1,"6":1,"7":3,"8":1,"9":2,"10":1,"11":1,"12":1,"13":1,"14":3,"15":1,"16":1},"f":{"0":3,"1":3},"b":{"0":[1,2]}}
,"/Users/csxiaoyao/Workspace/github/JavaScriptStudy/13-自动化测试&mock数据/jest-vue/src/containers/TodoList/components/Header.vue": {"path":"/Users/csxiaoyao/Workspace/github/JavaScriptStudy/13-自动化测试&mock数据/jest-vue/src/containers/TodoList/components/Header.vue","statementMap":{"0":{"start":{"line":21,"column":0},"end":{"line":null,"column":-1}},"1":{"start":{"line":27,"column":0},"end":{"line":30,"column":0}},"2":{"start":{"line":28,"column":0},"end":{"line":null,"column":-1}},"3":{"start":{"line":29,"column":0},"end":{"line":null,"column":-1}}},"fnMap":{},"branchMap":{"0":{"loc":{"start":{"line":27,"column":0},"end":{"line":30,"column":0}},"type":"if","locations":[{"start":{"line":27,"column":0},"end":{"line":30,"column":0}},{"start":{"line":27,"column":0},"end":{"line":30,"column":0}}]}},"s":{"0":7,"1":3,"2":2,"3":2},"f":{},"b":{"0":[2,1]}}
,"/Users/csxiaoyao/Workspace/github/JavaScriptStudy/13-自动化测试&mock数据/jest-vue/src/containers/TodoList/components/UndoList.vue": {"path":"/Users/csxiaoyao/Workspace/github/JavaScriptStudy/13-自动化测试&mock数据/jest-vue/src/containers/TodoList/components/UndoList.vue","statementMap":{"0":{"start":{"line":34,"column":0},"end":{"line":null,"column":-1}},"1":{"start":{"line":40,"column":0},"end":{"line":null,"column":-1}},"2":{"start":{"line":43,"column":0},"end":{"line":null,"column":-1}},"3":{"start":{"line":46,"column":0},"end":{"line":null,"column":-1}},"4":{"start":{"line":55,"column":0},"end":{"line":null,"column":-1}}},"fnMap":{},"branchMap":{},"s":{"0":7,"1":1,"2":1,"3":1,"4":1},"f":{},"b":{}}
,"/Users/csxiaoyao/Workspace/github/JavaScriptStudy/13-自动化测试&mock数据/jest-vue/src/utils/testUtils.js": {"path":"/Users/csxiaoyao/Workspace/github/JavaScriptStudy/13-自动化测试&mock数据/jest-vue/src/utils/testUtils.js","statementMap":{"0":{"start":{"line":1,"column":31},"end":{"line":3,"column":1}},"1":{"start":{"line":2,"column":2},"end":{"line":2,"column":48}}},"fnMap":{"0":{"name":"(anonymous_0)","decl":{"start":{"line":1,"column":31},"end":{"line":1,"column":32}},"loc":{"start":{"line":1,"column":49},"end":{"line":3,"column":1}},"line":1}},"branchMap":{},"s":{"0":2,"1":16},"f":{"0":16},"b":{},"_coverageSchema":"332fd63041d2c1bcb487cc26dd0d5f7d97098a6c","hash":"7d1c890fb9fa456ab2b2ad37f9fdf22d1cf36594"}
}
